

HI-TECH Software 8051 Macro Assembler V9.60                                Page 1
                                                       Mon Apr 01 18:37:28 2024

     1                           	psect	idata,class=DATA,space=1,limit=0100h
     2                           	psect	irdata,class=DATA,limit=0100h
     3                           	global	_imp
     4                           	signat	_imp,4216
     5                           	global	stack_internal
     6                           	psect	text,class=CODE
     7                           	psect	text
     8                           	file	"C:\Users\class\Desktop\WSPR7\project1\mai
                                 n.c"
     9                           	line	7
    10  00003                     _imp:
    11  00003  02 0085            	j	f1621
    12  00006                     f1620:
    13                           ;main.c: 6: void imp(unsigned int cnt)
    14                           
    15                           ;main.c: 7: {
    16                           
    17                           ;	var   _cnt2 assigned to ?a_imp+0
    18                           ;main.c: 8: unsigned int cnt2 = cnt;
    19                           
    20                           	line	8
    21  00006  8C 26              	mov	?a_imp+0,r4
    22  00008  8D 27              	mov	?a_imp+0+1,r5
    23                           ;main.c: 9: do{
    24                           
    25                           ;	var   _cnt assigned to ?a_imp+2
    26                           ;_cnt stored from WR2
    27  0000A  8C 28              	mov	?a_imp+2,r4
    28  0000C  8D 29              	mov	?a_imp+2+1,r5
    29                           	line	9
    30  0000E                     l5:
    31                           ;main.c: 10: if (cnt != 0) {cnt--; P1 = 0x0;}
    32                           
    33                           	line	10
    34  0000E  E5 29              	mov	a,?a_imp+2+1
    35  00010  45 28              	orl	a,?a_imp+2
    36  00012  60 02              	bz	u11
    37  00014  80 02              	jmp	u10
    38  00016                     u11:
    39  00016  80 11              	jmp	l6
    40  00018                     u10:
    41  00018  E5 29              	mov	a,?a_imp+2+1
    42  0001A  24 FF              	add	a,#low (-01h)
    43  0001C  F5 29              	mov	?a_imp+2+1,a
    44  0001E  E5 28              	mov	a,?a_imp+2
    45  00020  34 FF              	addc	a,#high (-01h)
    46  00022  F5 28              	mov	?a_imp+2,a
    47  00024  75 90 00           	mov	090h,#0
    48  00027  80 39              	jmp	l7
    49                           	line	11
    50  00029                     l6:
    51                           ;main.c: 11: else {
    52                           
    53                           ;main.c: 12: P1 = brrr;
    54                           
    55                           	global	_brrr
    56                           	line	12
    57  00029  79 21              	mov	r1,#_brrr+01h
    58  0002B  87 90              	mov	090h,@r1
    59                           ;main.c: 13: rrrb++;
    60                           
    61                           	global	_rrrb
    62                           	line	13
    63  0002D  05 25              	inc	_rrrb+1
    64  0002F  E5 25              	mov	a,_rrrb+1
    65  00031  70 02              	jnz	u20
    66  00033  05 24              	inc	_rrrb
    67  00035                     u20:
    68                           ;main.c: 14: if (rrrb >= 10) {
    69                           
    70                           	line	14
    71  00035  E5 25              	mov	a,_rrrb+1
    72  00037  24 F6              	add	a,#low -(10)
    73  00039  E5 24              	mov	a,_rrrb
    74  0003B  64 80              	xrl	a,#80h
    75  0003D  34 7F              	addc	a,#(high -(10))xor 80h
    76  0003F  50 02              	bnc	u31
    77  00041  80 02              	jmp	u30
    78  00043                     u31:
    79  00043  80 1D              	jmp	l8
    80  00045                     u30:
    81                           ;main.c: 15: rrrb = 0;
    82                           
    83                           	line	15
    84  00045  E4                 	clr	a
    85  00046  F5 24              	mov	_rrrb,a
    86  00048  F5 25              	mov	_rrrb+1,a
    87                           ;main.c: 16: brrr += 0x1;
    88                           
    89                           	line	16
    90  0004A  05 21              	inc	_brrr+1
    91  0004C  E5 21              	mov	a,_brrr+1
    92  0004E  70 02              	jnz	u40
    93  00050  05 20              	inc	_brrr
    94  00052                     u40:
    95                           ;main.c: 17: if (brrr == 0xFF) break;
    96                           
    97                           	line	17
    98  00052  E5 21              	mov	a,_brrr+1
    99  00054  B4 FF 07           	cbne	a,#low (255),u51
   100  00057  E5 20              	mov	a,_brrr
   101  00059  B4 00 02           	cbne	a,#high (255),u51
   102  0005C  80 02              	jmp	u50
   103  0005E                     u51:
   104  0005E  80 02              	jmp	l9
   105  00060                     u50:
   106  00060  80 07              	jmp	l4
   107  00062                     l9:
   108                           	line	18
   109  00062                     l8:
   110                           	line	19
   111  00062                     l7:
   112                           ;main.c: 18: }
   113                           
   114                           ;main.c: 19: }
   115                           
   116                           ;main.c: 21: } while (TF2 == 0);
   117                           
   118                           	line	21
   119  00062  30 CF 02           	bnb	t2con.7, u61
   120  00065  80 02              	jmp	u60
   121  00067                     u61:
   122  00067  80 A5              	jmp	l5
   123  00069                     u60:
   124  00069                     l4:
   125                           ;main.c: 22: TF2 = 0;
   126                           
   127                           	line	22
   128  00069  C2 CF              	clr	t2con.7
   129                           ;main.c: 23: if (P00 == 1) {flag = 1;}
   130                           
   131                           	line	23
   132  0006B  30 80 02           	bnb	p0.0, u71
   133  0006E  80 02              	jmp	u70
   134  00070                     u71:
   135  00070  80 06              	jmp	l10
   136  00072                     u70:
   137                           	global	_flag
   138  00072  75 22  00          	mov	_flag,#high(1)
   139  00075  75 23  01          	mov	_flag+1,#low(1)
   140  00078                     l10:
   141                           ;main.c: 24: if (P01 == 1) {flag = 0;}
   142                           
   143                           	line	24
   144  00078  30 81 02           	bnb	p0.1, u81
   145  0007B  80 02              	jmp	u80
   146  0007D                     u81:
   147  0007D  80 05              	jmp	l11
   148  0007F                     u80:
   149  0007F  E4                 	clr	a
   150  00080  F5 22              	mov	_flag,a
   151  00082  F5 23              	mov	_flag+1,a
   152  00084                     l11:
   153                           ;main.c: 25: }
   154                           
   155                           	line	25
   156  00084                     l2:
   157  00084  22                 	ret
   158  00085                     f1621:
   159  00085  02 0006            	j	f1620
   160                           	FNSIZE	_imp,4,0
   161                           	global	?a_imp
   162  0000                     f1622	equ	0
   163                           	global	_main
   164                           	signat	_main,88
   165                           	line	28
   166  00088                     _main:
   167  00088  80 60              	j	f1631
   168  0008A                     f1630:
   169                           ;main.c: 27: void main()
   170                           
   171                           ;main.c: 28: {
   172                           
   173                           ;main.c: 29: flag = 0;
   174                           
   175                           	line	29
   176  0008A  E4                 	clr	a
   177  0008B  F5 22              	mov	_flag,a
   178  0008D  F5 23              	mov	_flag+1,a
   179                           ;main.c: 30: brrr = 0x0;
   180                           
   181                           	line	30
   182  0008F  E4                 	clr	a
   183  00090  F5 20              	mov	_brrr,a
   184  00092  F5 21              	mov	_brrr+1,a
   185                           ;main.c: 32: P1 = 0xFE;
   186                           
   187                           	line	32
   188  00094  75 90 FE           	mov	090h,#254
   189                           ;main.c: 33: RCAP2H = 0x4;
   190                           
   191                           	line	33
   192  00097  75 CB 04           	mov	0CBh,#4
   193                           ;main.c: 34: RCAP2L = 0x1;
   194                           
   195                           	line	34
   196  0009A  75 CA 01           	mov	0CAh,#1
   197                           ;main.c: 36: T2CON &= 0xFC;
   198                           
   199                           	line	36
   200  0009D  53 C8 FC           	anl	0C8h,#-4
   201                           ;main.c: 37: ET2 = 1;
   202                           
   203                           	line	37
   204  000A0  D2 AD              	setb	ie.5
   205                           ;main.c: 38: EA = 1;
   206                           
   207                           	line	38
   208  000A2  D2 AF              	setb	ie.7
   209                           ;main.c: 39: T2CON |= 0x4;
   210                           
   211                           	line	39
   212  000A4  D2 CA              	setb	t2con.2
   213                           ;main.c: 41: while(1)
   214                           
   215                           	line	41
   216  000A6                     l14:
   217                           ;main.c: 42: {
   218                           
   219                           ;main.c: 43: if (flag == 1) {imp(2415);}
   220                           
   221                           	line	43
   222  000A6  E5 23              	mov	a,_flag+1
   223  000A8  B4 01 07           	cbne	a,#low (1),u91
   224  000AB  E5 22              	mov	a,_flag
   225  000AD  B4 00 02           	cbne	a,#high (1),u91
   226  000B0  80 02              	jmp	u90
   227  000B2                     u91:
   228  000B2  80 09              	jmp	l16
   229  000B4                     u90:
   230                           	FNCALL	_main,_imp
   231  000B4  7C 09              	mov	r4,#high (2415)
   232  000B6  7D 6F              	mov	r5,#low (2415)
   233  000B8  12 0003            	lcall	_imp
   234                           
   235  000BB  80 07              	jmp	l17
   236                           	line	45
   237  000BD                     l16:
   238                           ;main.c: 45: else imp(1725);
   239                           
   240  000BD  7C 06              	mov	r4,#high (1725)
   241  000BF  7D BD              	mov	r5,#low (1725)
   242  000C1  12 0003            	lcall	_imp
   243                           
   244  000C4                     l17:
   245                           ;main.c: 47: brrr = 0x0;
   246                           
   247                           	line	47
   248  000C4  E4                 	clr	a
   249  000C5  F5 20              	mov	_brrr,a
   250  000C7  F5 21              	mov	_brrr+1,a
   251                           ;main.c: 48: rrrb = 0;
   252                           
   253                           	line	48
   254  000C9  E4                 	clr	a
   255  000CA  F5 24              	mov	_rrrb,a
   256  000CC  F5 25              	mov	_rrrb+1,a
   257                           ;main.c: 49: if (P00 == 1) {flag = 1;}
   258                           
   259                           	line	49
   260  000CE  30 80 02           	bnb	p0.0, u101
   261  000D1  80 02              	jmp	u100
   262  000D3                     u101:
   263  000D3  80 06              	jmp	l18
   264  000D5                     u100:
   265  000D5  75 22  00          	mov	_flag,#high(1)
   266  000D8  75 23  01          	mov	_flag+1,#low(1)
   267  000DB                     l18:
   268                           ;main.c: 50: if (P01 == 1) {flag = 0;}
   269                           
   270                           	line	50
   271  000DB  30 81 02           	bnb	p0.1, u111
   272  000DE  80 02              	jmp	u110
   273  000E0                     u111:
   274  000E0  80 05              	jmp	l19
   275  000E2                     u110:
   276  000E2  E4                 	clr	a
   277  000E3  F5 22              	mov	_flag,a
   278  000E5  F5 23              	mov	_flag+1,a
   279  000E7                     l19:
   280                           	line	51
   281  000E7                     l13:
   282                           	line	41
   283  000E7  80 BD              	jmp	l14
   284  000E9                     l15:
   285                           ;main.c: 51: }
   286                           
   287                           ;main.c: 52: }
   288                           
   289                           	line	52
   290  000E9                     l12:
   291  000E9  22                 	ret
   292  000EA                     f1631:
   293  000EA  80 9E              	j	f1630
   294  0000                     f1632	equ	0
   295  0000                     _A10	equ	162
   296  0000                     _A11	equ	163
   297  0000                     _A12	equ	164
   298  0000                     _A13	equ	165
   299  0000                     _A14	equ	166
   300  0000                     _A15	equ	167
   301  0000                     _A8	equ	160
   302  0000                     _A9	equ	161
   303  0000                     _AC	equ	214
   304  0000                     _ACC0	equ	224
   305  0000                     _ACC1	equ	225
   306  0000                     _ACC2	equ	226
   307  0000                     _ACC3	equ	227
   308  0000                     _ACC4	equ	228
   309  0000                     _ACC5	equ	229
   310  0000                     _ACC6	equ	230
   311  0000                     _ACC7	equ	231
   312  0000                     _AD0	equ	128
   313  0000                     _AD1	equ	129
   314  0000                     _AD2	equ	130
   315  0000                     _AD3	equ	131
   316  0000                     _AD4	equ	132
   317  0000                     _AD5	equ	133
   318  0000                     _AD6	equ	134
   319  0000                     _AD7	equ	135
   320  0000                     _B0	equ	240
   321  0000                     _B1	equ	241
   322  0000                     _B2	equ	242
   323  0000                     _B3	equ	243
   324  0000                     _B4	equ	244
   325  0000                     _B5	equ	245
   326  0000                     _B6	equ	246
   327  0000                     _B7	equ	247
   328  0000                     _CPRL2	equ	200
   329  0000                     _CT2	equ	201
   330  0000                     _CY	equ	215
   331  0000                     _EA	equ	175
   332  0000                     _ES	equ	172
   333  0000                     _ET0	equ	169
   334  0000                     _ET1	equ	171
   335  0000                     _ET2	equ	173
   336  0000                     _EX0	equ	168
   337  0000                     _EX1	equ	170
   338  0000                     _EXEN2	equ	203
   339  0000                     _EXF2	equ	206
   340  0000                     _F0	equ	213
   341  0000                     _IE0	equ	137
   342  0000                     _IE1	equ	139
   343  0000                     _INT0	equ	178
   344  0000                     _INT1	equ	179
   345  0000                     _IT0	equ	136
   346  0000                     _IT1	equ	138
   347  0000                     _OV	equ	210
   348  0000                     _P	equ	208
   349  0000                     _P00	equ	128
   350  0000                     _P01	equ	129
   351  0000                     _P02	equ	130
   352  0000                     _P03	equ	131
   353  0000                     _P04	equ	132
   354  0000                     _P05	equ	133
   355  0000                     _P06	equ	134
   356  0000                     _P07	equ	135
   357  0000                     _P10	equ	144
   358  0000                     _P11	equ	145
   359  0000                     _P12	equ	146
   360  0000                     _P13	equ	147
   361  0000                     _P14	equ	148
   362  0000                     _P15	equ	149
   363  0000                     _P16	equ	150
   364  0000                     _P17	equ	151
   365  0000                     _P20	equ	160
   366  0000                     _P21	equ	161
   367  0000                     _P22	equ	162
   368  0000                     _P23	equ	163
   369  0000                     _P24	equ	164
   370  0000                     _P25	equ	165
   371  0000                     _P26	equ	166
   372  0000                     _P27	equ	167
   373  0000                     _P30	equ	176
   374  0000                     _P31	equ	177
   375  0000                     _P32	equ	178
   376  0000                     _P33	equ	179
   377  0000                     _P34	equ	180
   378  0000                     _P35	equ	181
   379  0000                     _P36	equ	182
   380  0000                     _P37	equ	183
   381  0000                     _PS	equ	188
   382  0000                     _PT0	equ	185
   383  0000                     _PT1	equ	187
   384  0000                     _PT2	equ	189
   385  0000                     _PX0	equ	184
   386  0000                     _PX1	equ	186
   387  0000                     _RB8	equ	154
   388  0000                     _RCLK	equ	205
   389  0000                     _RD	equ	183
   390  0000                     _REN	equ	156
   391  0000                     _RI	equ	152
   392  0000                     _RS0	equ	211
   393  0000                     _RS1	equ	212
   394  0000                     _RXD	equ	176
   395  0000                     _SM0	equ	159
   396  0000                     _SM1	equ	158
   397  0000                     _SM2	equ	157
   398  0000                     _T0	equ	180
   399  0000                     _T1	equ	181
   400  0000                     _T2	equ	144
   401  0000                     _T2EX	equ	145
   402  0000                     _TB8	equ	155
   403  0000                     _TCLK	equ	204
   404  0000                     _TF0	equ	141
   405  0000                     _TF1	equ	143
   406  0000                     _TF2	equ	207
   407  0000                     _TI	equ	153
   408  0000                     _TR0	equ	140
   409  0000                     _TR1	equ	142
   410  0000                     _TR2	equ	202
   411  0000                     _TXD	equ	177
   412  0000                     _WR	equ	182
   413  0000                     _ACC	equ	224
   414  0000                     _B	equ	240
   415  0000                     _DPH	equ	131
   416  0000                     _DPL	equ	130
   417  0000                     _IE	equ	168
   418  0000                     _IP	equ	184
   419  0000                     _P0	equ	128
   420  0000                     _P1	equ	144
   421  0000                     _P2	equ	160
   422  0000                     _P3	equ	176
   423  0000                     _PCON	equ	135
   424  0000                     _PSW	equ	208
   425  0000                     _RCAP2H	equ	203
   426  0000                     _RCAP2L	equ	202
   427  0000                     _SBUF	equ	153
   428  0000                     _SCON	equ	152
   429  0000                     _SP	equ	129
   430  0000                     _T2CON	equ	200
   431  0000                     _TCON	equ	136
   432  0000                     _TH0	equ	140
   433  0000                     _TH1	equ	141
   434  0000                     _TH2	equ	205
   435  0000                     _TL0	equ	138
   436  0000                     _TL1	equ	139
   437  0000                     _TL2	equ	204
   438  0000                     _TMOD	equ	137
   439  0000                     _ACC_BITS	equ	224
   440  0000                     _B_BITS	equ	240
   441  0000                     _IE_BITS	equ	168
   442  0000                     _IP_BITS	equ	184
   443  0000                     _P0_BITS	equ	128
   444  0000                     _P1_BITS	equ	144
   445  0000                     _P2_BITS	equ	160
   446  0000                     _P3_BITS	equ	176
   447  0000                     _PCON_BITS	equ	135
   448  0000                     _PSW_BITS	equ	208
   449  0000                     _SCON_BITS	equ	152
   450  0000                     _T2CON_BITS	equ	200
   451  0000                     _TCON_BITS	equ	136
   452  0000                     _TMOD_BITS	equ	137
   453                           	psect	rbss,class=DATA,space=1
   454                           	psect	rbss
   455                           	global	_brrr
   456  00020                     _brrr:
   457  00020                     	ds	2
   458                           	global	_flag
   459  00022                     _flag:
   460  00022                     	ds	2
   461                           	global	_rrrb
   462  00024                     _rrrb:
   463  00024                     	ds	2


HI-TECH Software 8051 Macro Assembler V9.60                                Page 2
Symbol Table                                           Mon Apr 01 18:37:28 2024

            _B 000F0              l2 00084              l4 00069  
            l5 0000E              _P 000D0              l6 00029  
            l7 00062              l8 00062              l9 00062  
           _B0 000F0             _B1 000F1             _B2 000F2  
           _B3 000F3             _B4 000F4             _B5 000F5  
           _B6 000F6             _A8 000A0             _B7 000F7  
           _A9 000A1             _F0 000D5             _AC 000D6  
           l10 00078             l11 00084             l12 000E9  
           l13 000E7             l14 000A6             _EA 000AF  
           l15 000E9             l16 000BD             l17 000C4  
           l18 000DB             l19 000E7             _P0 00080  
           _P1 00090             _P2 000A0             _P3 000B0  
           _IE 000A8             _T0 000B4             _T1 000B5  
           _T2 00090             _ES 000AC             _CY 000D7  
           _IP 000B8             _RD 000B7             u10 00018  
           u11 00016             u20 00035             _RI 00098  
           u30 00045             u31 00043             u40 00052  
           _TI 00099             u50 00060             _PS 000BC  
           u51 0005E             _OV 000D2             u60 00069  
           u61 00067             _SP 00081             u70 00072  
           u71 00070             u80 0007F             u81 0007D  
           u90 000B4             u91 000B2             _WR 000B6  
       _B_BITS 000F0         _RCAP2H 000CB         _RCAP2L 000CA  
          _A10 000A2            _A11 000A3            _A12 000A4  
          _A13 000A5            _A14 000A6            _A15 000A7  
          _AD0 00080            _AD1 00081            _AD2 00082  
          _AD3 00083            _AD4 00084            _AD5 00085  
          _AD6 00086            _AD7 00087            _ACC 000E0  
          _P00 00080            _P01 00081            _P10 00090  
          _P02 00082            _P11 00091            _P03 00083  
          _P20 000A0            _P12 00092            _P04 00084  
          _P21 000A1            _P13 00093            _P05 00085  
          _P30 000B0            _P22 000A2            _P14 00094  
          _P06 00086            _P31 000B1            _P23 000A3  
          _P15 00095            _P07 00087            _P32 000B2  
          _P24 000A4            _P16 00096            _P33 000B3  
          _P25 000A5            _P17 00097            _P34 000B4  
          _P26 000A6            _P35 000B5            _P27 000A7  
          _P36 000B6            _P37 000B7            _IE0 00089  
          _IE1 0008B            _CT2 000C9            _ET0 000A9  
          _ET1 000AB            _ET2 000AD            _EX0 000A8  
          _EX1 000AA            _DPH 00083            _DPL 00082  
          _IT0 00088            _IT1 0008A            _RB8 0009A  
          u100 000D5            u101 000D3            u110 000E2  
          u111 000E0            _TF0 0008D            _TB8 0009B  
          _TF1 0008F            _TF2 000CF            _TH0 0008C  
          _TH1 0008D            _TH2 000CD            _SM0 0009F  
          _SM1 0009E            _TL0 0008A            _SM2 0009D  
          _PT0 000B9            _TL1 0008B            _PT1 000BB  
          _TL2 000CC            _PT2 000BD            _RS0 000D3  
          _RS1 000D4            _REN 0009C            _PX0 000B8  
          _PX1 000BA            _TR0 0008C            _TR1 0008E  
          _TR2 000CA            _RXD 000B0            _PSW 000D0  
          _TXD 000B1        _P0_BITS 00080        _P1_BITS 00090  
      _P2_BITS 000A0        _P3_BITS 000B0            _imp 00003  
      _IE_BITS 000A8       _ACC_BITS 000E0     _T2CON_BITS 000C8  
      _IP_BITS 000B8           f1620 00006           f1621 00085  
         f1630 0008A           f1622 00000           f1631 000EA  
         f1632 00000           _ACC0 000E0           _ACC1 000E1  
         _ACC2 000E2           _ACC3 000E3           _ACC4 000E4  
         _ACC5 000E5           _ACC6 000E6           _ACC7 000E7  
stack_internal 00001           _EXF2 000CE           _T2EX 00091  
         _INT0 000B2           _INT1 000B3           _PCON 00087  
         _RCLK 000CD           _TCLK 000CC           _SCON 00098  
         _SBUF 00099           _TCON 00088           _TMOD 00089  
         _flag 00022           _main 00088           _brrr 00020  
         _rrrb 00024          ?a_imp 00026       _PSW_BITS 000D0  
        _CPRL2 000C8          _T2CON 000C8          _EXEN2 000CB  
    _PCON_BITS 00087      _SCON_BITS 00098      _TCON_BITS 00088  
    _TMOD_BITS 00089  
